2026-06-03 17:31:34,755 | INFO | VANET Attack Detector starting...
2026-06-03 17:31:34,755 | INFO | Watching directory: /tmp
2026-06-03 17:31:34,755 | INFO | Log file: /home/chamod/vanet_attack_detector/logs/detector.log
2026-06-03 17:31:34,755 | INFO | Sentinel pattern: vanet_attack_ready_N
2026-06-03 17:31:34,776 | INFO | Attack detector ready — waiting for metrics from fix.cc...
2026-06-03 17:31:56,023 | INFO | Attack sentinel detected: vanet_attack_ready_1 → cycle 1
2026-06-03 17:31:56,124 | INFO | ==================================================
2026-06-03 17:31:56,124 | INFO | Attack detection cycle 1
2026-06-03 17:31:56,125 | INFO | Cycle 1: read metrics for 3 nodes
2026-06-03 17:31:56,126 | INFO | Cycle 1: invoking attack detection...
2026-06-03 17:31:56,250 | INFO | DetectAttacks success | Cycle: 1 | Detections: 2
2026-06-03 17:31:56,250 | WARNING | Cycle 1: ⚠ 2 attack(s) detected!
2026-06-03 17:31:56,250 | WARNING |   🟠 SPLIT PATH ATTACK | Node: 5 | Flow: 1 | FF: 0.700 | PDRN: 0.600 | Variance: 0.0000
2026-06-03 17:31:56,250 | WARNING |   🟠 SPLIT PATH ATTACK | Node: 33 | Flow: 2 | FF: 0.850 | PDRN: 0.550 | Variance: 0.0000
2026-06-16 09:47:23,518 | INFO | VANET Attack Detector starting...
2026-06-16 09:47:23,519 | INFO | Watching directory: /tmp
2026-06-16 09:47:23,519 | INFO | Log file: /home/chamod/vanet_attack_detector/logs/detector.log
2026-06-16 09:47:23,519 | INFO | Sentinel pattern: vanet_attack_ready_N
2026-06-16 09:47:23,566 | INFO | Attack detector ready — waiting for metrics from fix.cc...
2026-06-16 09:53:32,667 | INFO | VANET Attack Detector starting...
2026-06-16 09:53:32,668 | INFO | Watching directory: /tmp
2026-06-16 09:53:32,668 | INFO | Log file: /home/chamod/vanet_attack_detector/logs/detector.log
2026-06-16 09:53:32,668 | INFO | Sentinel pattern: vanet_attack_ready_N
2026-06-16 09:53:32,671 | INFO | Attack detector ready — waiting for metrics from fix.cc...
2026-06-16 10:58:12,975 | INFO | VANET Attack Detector starting...
2026-06-16 10:58:12,988 | INFO | Watching directory: /tmp
2026-06-16 10:58:12,988 | INFO | Log file: /home/chamod/vanet_attack_detector/logs/detector.log
2026-06-16 10:58:12,988 | INFO | Sentinel pattern: vanet_attack_ready_N
2026-06-16 10:58:13,020 | INFO | Attack detector ready — waiting for metrics from fix.cc...
2026-06-16 17:22:37,402 | INFO | VANET Attack Detector starting...
2026-06-16 17:22:37,407 | INFO | Watching directory: /tmp
2026-06-16 17:22:37,407 | INFO | Log file: /home/chamod/vanet_attack_detector/logs/detector.log
2026-06-16 17:22:37,407 | INFO | Sentinel pattern: vanet_attack_ready_N
2026-06-16 17:22:37,408 | INFO | Attack detector ready — waiting for metrics from fix.cc...
2026-06-16 17:40:29,708 | INFO | VANET Attack Detector starting...
2026-06-16 17:40:29,711 | INFO | Watching directory: /tmp
2026-06-16 17:40:29,711 | INFO | Log file: /home/chamod/vanet_attack_detector/logs/detector.log
2026-06-16 17:40:29,711 | INFO | Sentinel pattern: vanet_attack_ready_N
2026-06-16 17:40:29,741 | INFO | Attack detector ready — waiting for metrics from fix.cc...
2026-06-16 17:54:39,315 | INFO | VANET Attack Detector starting...
2026-06-16 17:54:39,317 | INFO | Watching directory: /tmp
2026-06-16 17:54:39,317 | INFO | Log file: /home/chamod/vanet_attack_detector/logs/detector.log
2026-06-16 17:54:39,317 | INFO | Sentinel pattern: vanet_attack_ready_N
2026-06-16 17:54:39,331 | INFO | Attack detector ready — waiting for metrics from fix.cc...
2026-06-16 18:11:40,866 | INFO | VANET Attack Detector starting...
2026-06-16 18:11:40,953 | INFO | Watching directory: /tmp
2026-06-16 18:11:40,954 | INFO | Log file: /home/chamod/vanet_attack_detector/logs/detector.log
2026-06-16 18:11:40,954 | INFO | Sentinel pattern: vanet_attack_ready_N
2026-06-16 18:11:40,991 | INFO | Attack detector ready — waiting for metrics from fix.cc...
2026-06-16 18:18:55,058 | INFO | VANET Attack Detector starting...
2026-06-16 18:18:55,064 | INFO | Watching directory: /tmp
2026-06-16 18:18:55,065 | INFO | Log file: /home/chamod/vanet_attack_detector/logs/detector.log
2026-06-16 18:18:55,065 | INFO | Sentinel pattern: vanet_attack_ready_N
2026-06-16 18:18:55,097 | INFO | Attack detector ready — waiting for metrics from fix.cc...
2026-06-16 18:27:07,690 | INFO | VANET Attack Detector starting...
2026-06-16 18:27:07,692 | INFO | Watching directory: /tmp
2026-06-16 18:27:07,693 | INFO | Log file: /home/chamod/vanet_attack_detector/logs/detector.log
2026-06-16 18:27:07,693 | INFO | Sentinel pattern: vanet_attack_ready_N
2026-06-16 18:27:07,695 | INFO | Attack detector ready — waiting for metrics from fix.cc...
2026-06-16 20:37:55,516 | INFO | VANET Attack Detector starting...
2026-06-16 20:37:55,556 | INFO | Watching directory: /tmp
2026-06-16 20:37:55,557 | INFO | Log file: /home/chamod/vanet_attack_detector/logs/detector.log
2026-06-16 20:37:55,557 | INFO | Sentinel pattern: vanet_attack_ready_N
2026-06-16 20:37:55,560 | INFO | Attack detector ready — waiting for metrics from fix.cc...
2026-06-21 10:47:11,043 | INFO | VANET Attack Detector starting...
2026-06-21 10:47:11,044 | INFO | Watching directory: /tmp
2026-06-21 10:47:11,044 | INFO | Log file: /home/chamod/vanet_attack_detector/logs/detector.log
2026-06-21 10:47:11,046 | INFO | Sentinel pattern: vanet_attack_ready_N
2026-06-21 10:47:11,088 | INFO | Attack detector ready — waiting for metrics from fix.cc...
2026-06-21 22:57:47,932 | INFO | VANET Attack Detector starting...
2026-06-21 22:57:47,933 | INFO | Watching directory: /tmp
2026-06-21 22:57:47,933 | INFO | Log file: /home/chamod/vanet_attack_detector/logs/detector.log
2026-06-21 22:57:47,933 | INFO | Sentinel pattern: vanet_attack_ready_N
2026-06-21 22:57:47,934 | INFO | Attack detector ready — waiting for metrics from fix.cc...
2026-06-21 23:33:27,319 | INFO | VANET Attack Detector starting...
2026-06-21 23:33:27,321 | INFO | Watching directory: /tmp
2026-06-21 23:33:27,322 | INFO | Log file: /home/chamod/vanet_attack_detector/logs/detector.log
2026-06-21 23:33:27,323 | INFO | Sentinel pattern: vanet_attack_ready_N
2026-06-21 23:33:27,340 | INFO | Attack detector ready — waiting for metrics from fix.cc...
2026-06-21 23:42:31,346 | INFO | VANET Attack Detector starting...
2026-06-21 23:42:31,347 | INFO | Watching directory: /tmp
2026-06-21 23:42:31,347 | INFO | Log file: /home/chamod/vanet_attack_detector/logs/detector.log
2026-06-21 23:42:31,347 | INFO | Sentinel pattern: vanet_attack_ready_N
2026-06-21 23:42:31,353 | INFO | Attack detector ready — waiting for metrics from fix.cc...
2026-06-22 00:02:49,055 | INFO | VANET Attack Detector starting...
2026-06-22 00:02:49,055 | INFO | Watching directory: /tmp
2026-06-22 00:02:49,055 | INFO | Log file: /home/chamod/vanet_attack_detector/logs/detector.log
2026-06-22 00:02:49,055 | INFO | Sentinel pattern: vanet_attack_ready_N
2026-06-22 00:02:49,095 | INFO | Attack detector ready — waiting for metrics from fix.cc...
2026-06-22 13:56:21,681 | INFO | VANET Attack Detector starting...
2026-06-22 13:56:21,682 | INFO | Watching directory: /tmp
2026-06-22 13:56:21,682 | INFO | Log file: /home/chamod/vanet_attack_detector/logs/detector.log
2026-06-22 13:56:21,682 | INFO | Sentinel pattern: vanet_attack_ready_N
2026-06-22 13:56:21,706 | INFO | Attack detector ready — waiting for metrics from fix.cc...
2026-06-22 14:02:17,702 | INFO | VANET Attack Detector starting...
2026-06-22 14:02:17,703 | INFO | Watching directory: /tmp
2026-06-22 14:02:17,703 | INFO | Log file: /home/chamod/vanet_attack_detector/logs/detector.log
2026-06-22 14:02:17,703 | INFO | Sentinel pattern: vanet_attack_ready_N
2026-06-22 14:02:17,730 | INFO | Attack detector ready — waiting for metrics from fix.cc...
2026-06-22 14:09:31,890 | INFO | VANET Attack Detector starting...
2026-06-22 14:09:31,915 | INFO | Watching directory: /tmp
2026-06-22 14:09:31,915 | INFO | Log file: /home/chamod/vanet_attack_detector/logs/detector.log
2026-06-22 14:09:31,915 | INFO | Sentinel pattern: vanet_attack_ready_N
2026-06-22 14:09:31,927 | INFO | Attack detector ready — waiting for metrics from fix.cc...
2026-06-22 14:16:23,730 | INFO | VANET Attack Detector starting...
2026-06-22 14:16:23,733 | INFO | Watching directory: /tmp
2026-06-22 14:16:23,733 | INFO | Log file: /home/chamod/vanet_attack_detector/logs/detector.log
2026-06-22 14:16:23,733 | INFO | Sentinel pattern: vanet_attack_ready_N
2026-06-22 14:16:23,737 | INFO | Attack detector ready — waiting for metrics from fix.cc...
2026-06-22 23:48:20,952 | INFO | VANET Attack Detector starting...
2026-06-22 23:48:20,953 | INFO | Watching directory: /tmp
2026-06-22 23:48:20,953 | INFO | Log file: /home/chamod/vanet_attack_detector/logs/detector.log
2026-06-22 23:48:20,953 | INFO | Sentinel pattern: vanet_attack_ready_N
2026-06-22 23:48:20,969 | INFO | Attack detector ready — waiting for metrics from fix.cc...
2026-06-23 08:48:22,253 | INFO | VANET Attack Detector starting...
2026-06-23 08:48:22,284 | INFO | Watching directory: /tmp
2026-06-23 08:48:22,284 | INFO | Log file: /home/chamod/vanet_attack_detector/logs/detector.log
2026-06-23 08:48:22,284 | INFO | Sentinel pattern: vanet_attack_ready_N
2026-06-23 08:48:22,295 | INFO | Attack detector ready — waiting for metrics from fix.cc...
2026-06-23 10:22:08,029 | INFO | VANET Attack Detector starting...
2026-06-23 10:22:08,030 | INFO | Watching directory: /tmp
2026-06-23 10:22:08,030 | INFO | Log file: /home/chamod/vanet_attack_detector/logs/detector.log
2026-06-23 10:22:08,030 | INFO | Sentinel pattern: vanet_attack_ready_N
2026-06-23 10:22:08,031 | INFO | Attack detector ready — waiting for metrics from fix.cc...
2026-06-23 12:00:18,284 | INFO | VANET Attack Detector starting...
2026-06-23 12:00:18,380 | INFO | Watching directory: /tmp
2026-06-23 12:00:18,380 | INFO | Log file: /home/chamod/vanet_attack_detector/logs/detector.log
2026-06-23 12:00:18,380 | INFO | Sentinel pattern: vanet_attack_ready_N
2026-06-23 12:00:18,409 | INFO | Attack detector ready — waiting for metrics from fix.cc...
2026-06-23 12:17:52,324 | INFO | VANET Attack Detector starting...
2026-06-23 12:17:52,327 | INFO | Watching directory: /tmp
2026-06-23 12:17:52,327 | INFO | Log file: /home/chamod/vanet_attack_detector/logs/detector.log
2026-06-23 12:17:52,327 | INFO | Sentinel pattern: vanet_attack_ready_N
2026-06-23 12:17:52,350 | INFO | Attack detector ready — waiting for metrics from fix.cc...
2026-06-23 13:23:10,181 | INFO | VANET Attack Detector starting...
2026-06-23 13:23:10,226 | INFO | Watching directory: /tmp
2026-06-23 13:23:10,227 | INFO | Log file: /home/chamod/vanet_attack_detector/logs/detector.log
2026-06-23 13:23:10,227 | INFO | Sentinel pattern: vanet_attack_ready_N
2026-06-23 13:23:10,231 | INFO | Attack detector ready — waiting for metrics from fix.cc...
2026-06-23 14:00:59,251 | INFO | VANET Attack Detector starting...
2026-06-23 14:00:59,251 | INFO | Watching directory: /tmp
2026-06-23 14:00:59,251 | INFO | Log file: /home/chamod/vanet_attack_detector/logs/detector.log
2026-06-23 14:00:59,251 | INFO | Sentinel pattern: vanet_attack_ready_N
2026-06-23 14:00:59,268 | INFO | Attack detector ready — waiting for metrics from fix.cc...
2026-06-23 14:44:58,129 | INFO | VANET Attack Detector starting...
2026-06-23 14:44:58,150 | INFO | Watching directory: /tmp
2026-06-23 14:44:58,150 | INFO | Log file: /home/chamod/vanet_attack_detector/logs/detector.log
2026-06-23 14:44:58,150 | INFO | Sentinel pattern: vanet_attack_ready_N
2026-06-23 14:44:58,182 | INFO | Attack detector ready — waiting for metrics from fix.cc...
2026-06-23 15:15:07,645 | INFO | VANET Attack Detector starting...
2026-06-23 15:15:07,645 | INFO | Watching directory: /tmp
2026-06-23 15:15:07,646 | INFO | Log file: /home/chamod/vanet_attack_detector/logs/detector.log
2026-06-23 15:15:07,646 | INFO | Sentinel pattern: vanet_attack_ready_N
2026-06-23 15:15:07,652 | INFO | Attack detector ready — waiting for metrics from fix.cc...
2026-06-23 17:39:32,233 | INFO | VANET Attack Detector starting...
2026-06-23 17:39:32,235 | INFO | Watching directory: /tmp
2026-06-23 17:39:32,235 | INFO | Log file: /home/chamod/vanet_attack_detector/logs/detector.log
2026-06-23 17:39:32,235 | INFO | Sentinel pattern: vanet_attack_ready_N
2026-06-23 17:39:32,263 | INFO | Attack detector ready — waiting for metrics from fix.cc...
2026-06-23 18:22:47,040 | INFO | VANET Attack Detector starting...
2026-06-23 18:22:47,053 | INFO | Watching directory: /tmp
2026-06-23 18:22:47,053 | INFO | Log file: /home/chamod/vanet_attack_detector/logs/detector.log
2026-06-23 18:22:47,053 | INFO | Sentinel pattern: vanet_attack_ready_N
2026-06-23 18:22:47,084 | INFO | Attack detector ready — waiting for metrics from fix.cc...
2026-06-23 22:31:40,537 | INFO | VANET Attack Detector starting...
2026-06-23 22:31:40,541 | INFO | Watching directory: /tmp
2026-06-23 22:31:40,541 | INFO | Log file: /home/chamod/vanet_attack_detector/logs/detector.log
2026-06-23 22:31:40,541 | INFO | Sentinel pattern: vanet_attack_ready_N
2026-06-23 22:31:40,560 | INFO | Attack detector ready — waiting for metrics from fix.cc...
2026-06-24 15:05:54,182 | INFO | VANET Attack Detector starting...
2026-06-24 15:05:54,190 | INFO | Watching directory: /tmp
2026-06-24 15:05:54,227 | INFO | Log file: /home/chamod/vanet_attack_detector/logs/detector.log
2026-06-24 15:05:54,228 | INFO | Sentinel pattern: vanet_attack_ready_N
2026-06-24 15:05:54,261 | INFO | Attack detector ready — waiting for metrics from fix.cc...
2026-07-09 09:20:40,838 | INFO | VANET Attack Detector starting...
2026-07-09 09:20:40,839 | INFO | Watching directory: /tmp
2026-07-09 09:20:40,839 | INFO | Log file: /home/chamod/vanet_attack_detector/logs/detector.log
2026-07-09 09:20:40,840 | INFO | Sentinel pattern: vanet_attack_ready_N
2026-07-09 09:20:40,876 | INFO | Attack detector ready — waiting for metrics from fix.cc...
2026-07-09 16:24:29,095 | INFO | VANET Attack Detector starting...
2026-07-09 16:24:29,096 | INFO | Watching directory: /tmp
2026-07-09 16:24:29,096 | INFO | Log file: /home/chamod/vanet_attack_detector/logs/detector.log
2026-07-09 16:24:29,096 | INFO | Sentinel pattern: vanet_attack_ready_N
2026-07-09 16:24:29,115 | INFO | Attack detector ready — waiting for metrics from fix.cc...
2026-07-09 17:10:24,157 | INFO | VANET Attack Detector starting...
2026-07-09 17:10:24,161 | INFO | Watching directory: /tmp
2026-07-09 17:10:24,162 | INFO | Log file: /home/chamod/vanet_attack_detector/logs/detector.log
2026-07-09 17:10:24,162 | INFO | Sentinel pattern: vanet_attack_ready_N
2026-07-09 17:10:24,163 | INFO | Attack detector ready — waiting for metrics from fix.cc...
2026-07-09 19:13:43,941 | INFO | VANET Attack Detector starting...
2026-07-09 19:13:43,941 | INFO | Watching directory: /tmp
2026-07-09 19:13:43,941 | INFO | Log file: /home/chamod/vanet_attack_detector/logs/detector.log
2026-07-09 19:13:43,941 | INFO | Sentinel pattern: vanet_attack_ready_N
2026-07-09 19:13:43,949 | INFO | Attack detector ready — waiting for metrics from fix.cc...
2026-07-11 00:11:24,666 | INFO | VANET Attack Detector starting...
2026-07-11 00:11:24,666 | INFO | Watching directory: /tmp
2026-07-11 00:11:24,667 | INFO | Log file: /home/chamod/vanet_attack_detector/logs/detector.log
2026-07-11 00:11:24,667 | INFO | Sentinel pattern: vanet_attack_ready_N
2026-07-11 00:11:24,674 | INFO | Attack detector ready — waiting for metrics from fix.cc...
